<?xml version="1.0" encoding="UTF-8"?>
<!-- Generated by org.testng.reporters.JUnitReportReporter -->
<testsuite hostname="LAPTOP-3BL16AQ1" failures="0" tests="3" name="Tests.LoginTest" time="2.550" errors="0" timestamp="2023-07-03T18:32:03 IST" skipped="0">
  <testcase classname="Tests.LoginTest" name="enterUserName" time="1.692"/>
  <system-out/>
  <testcase classname="Tests.LoginTest" name="enterPassword" time="0.483"/>
  <system-out/>
  <testcase classname="Tests.LoginTest" name="clickLogin" time="0.375"/>
  <system-out/>
</testsuite> <!-- Tests.LoginTest -->
