<?xml version="1.0" encoding="UTF-8"?>
<!-- Generated by org.testng.reporters.JUnitReportReporter -->
<testsuite hostname="LAPTOP-3BL16AQ1" failures="0" tests="3" name="TestNG.LoginToOrangeHRM_Chrome" time="7.148" errors="0" timestamp="2023-06-22T18:37:56 IST" skipped="0">
  <testcase classname="TestNG.LoginToOrangeHRM_Chrome" name="enterUserName" time="3.935"/>
  <system-out/>
  <testcase classname="TestNG.LoginToOrangeHRM_Chrome" name="enterPassword" time="0.506"/>
  <system-out/>
  <testcase classname="TestNG.LoginToOrangeHRM_Chrome" name="clickLogin" time="2.707"/>
  <system-out/>
</testsuite> <!-- TestNG.LoginToOrangeHRM_Chrome -->
