<?xml version="1.0" encoding="UTF-8"?>
<!-- Generated by org.testng.reporters.JUnitReportReporter -->
<testsuite hostname="LAPTOP-3BL16AQ1" failures="0" tests="3" name="TestNG.LoginToOrangeHRM_BaseClass" time="8.739" errors="0" timestamp="2023-06-23T18:11:22 IST" skipped="0">
  <testcase classname="TestNG.LoginToOrangeHRM_BaseClass" name="enterUserName" time="3.493"/>
  <system-out/>
  <testcase classname="TestNG.LoginToOrangeHRM_BaseClass" name="enterPassword" time="0.319"/>
  <system-out/>
  <testcase classname="TestNG.LoginToOrangeHRM_BaseClass" name="clickLogin" time="4.927"/>
  <system-out/>
</testsuite> <!-- TestNG.LoginToOrangeHRM_BaseClass -->
