<?xml version="1.0" encoding="UTF-8"?>
<!-- Generated by org.testng.reporters.JUnitReportReporter -->
<testsuite hostname="LAPTOP-3BL16AQ1" failures="0" tests="3" name="TestNgAttributes.Enabled" time="1.872" errors="0" timestamp="2023-06-23T18:36:05 IST" skipped="1">
  <testcase classname="TestNgAttributes.Enabled" name="enterUserName" time="1.553"/>
  <system-out/>
  <testcase classname="TestNgAttributes.Enabled" name="enterPassword" time="0.319"/>
  <system-out/>
  <testcase classname="TestNgAttributes.Enabled" name="clickLogin">
    <skipped/>
  </testcase> <!-- clickLogin -->
  <system-out/>
</testsuite> <!-- TestNgAttributes.Enabled -->
