<?xml version="1.0" encoding="UTF-8"?>
<!-- Generated by org.testng.reporters.JUnitReportReporter -->
<testsuite hostname="LAPTOP-3BL16AQ1" failures="0" tests="7" name="TestNgAttributes.InvocationCount" time="2.854" errors="0" timestamp="2023-06-23T18:44:15 IST" skipped="1">
  <testcase classname="TestNgAttributes.InvocationCount" name="enterUserName" time="0.219"/>
  <system-out/>
  <testcase classname="TestNgAttributes.InvocationCount" name="enterUserName" time="0.231"/>
  <system-out/>
  <testcase classname="TestNgAttributes.InvocationCount" name="enterUserName" time="0.203"/>
  <system-out/>
  <testcase classname="TestNgAttributes.InvocationCount" name="enterUserName" time="1.605"/>
  <system-out/>
  <testcase classname="TestNgAttributes.InvocationCount" name="enterPassword" time="0.398"/>
  <system-out/>
  <testcase classname="TestNgAttributes.InvocationCount" name="enterUserName" time="0.198"/>
  <system-out/>
  <testcase classname="TestNgAttributes.InvocationCount" name="clickLogin">
    <skipped/>
  </testcase> <!-- clickLogin -->
  <system-out/>
</testsuite> <!-- TestNgAttributes.InvocationCount -->
