<?xml version="1.0" encoding="UTF-8"?>
<!-- Generated by org.testng.reporters.JUnitReportReporter -->
<testsuite hostname="LAPTOP-3BL16AQ1" failures="0" tests="3" name="TestNG.LoginToOrangeHRM_Edge" time="4.717" errors="0" timestamp="2023-06-22T18:37:56 IST" skipped="0">
  <testcase classname="TestNG.LoginToOrangeHRM_Edge" name="enterUserName" time="2.163"/>
  <system-out/>
  <testcase classname="TestNG.LoginToOrangeHRM_Edge" name="enterPassword" time="0.666"/>
  <system-out/>
  <testcase classname="TestNG.LoginToOrangeHRM_Edge" name="clickLogin" time="1.888"/>
  <system-out/>
</testsuite> <!-- TestNG.LoginToOrangeHRM_Edge -->
