<?xml version="1.0" encoding="UTF-8"?>
<!-- Generated by org.testng.reporters.JUnitReportReporter -->
<testsuite hostname="LAPTOP-3BL16AQ1" failures="0" tests="3" name="TestNgAttributes.Timeouts" time="3.439" errors="0" timestamp="2023-06-23T18:37:39 IST" skipped="0">
  <testcase classname="TestNgAttributes.Timeouts" name="enterUserName" time="1.359"/>
  <system-out/>
  <testcase classname="TestNgAttributes.Timeouts" name="enterPassword" time="0.344"/>
  <system-out/>
  <testcase classname="TestNgAttributes.Timeouts" name="clickLogin" time="1.736"/>
  <system-out/>
</testsuite> <!-- TestNgAttributes.Timeouts -->
