<?xml version="1.0" encoding="UTF-8"?>
<!-- Generated by org.testng.reporters.JUnitReportReporter -->
<testsuite hostname="LAPTOP-3BL16AQ1" failures="0" tests="3" name="TestNgAttributes.DependsOnMethods" time="3.707" errors="0" timestamp="2023-06-23T18:42:11 IST" skipped="0">
  <testcase classname="TestNgAttributes.DependsOnMethods" name="enterPassword" time="0.387"/>
  <system-out/>
  <testcase classname="TestNgAttributes.DependsOnMethods" name="enterUserName" time="1.592"/>
  <system-out/>
  <testcase classname="TestNgAttributes.DependsOnMethods" name="clickLogin" time="1.728"/>
  <system-out/>
</testsuite> <!-- TestNgAttributes.DependsOnMethods -->
