<?xml version="1.0" encoding="UTF-8"?>
<!-- Generated by org.testng.reporters.JUnitReportReporter -->
<testsuite hostname="LAPTOP-3BL16AQ1" failures="0" tests="3" name="TestNG.LoginToOrangeHRM_Screenshots" time="4.057" errors="0" timestamp="2023-06-26T19:28:19 IST" skipped="0">
  <testcase classname="TestNG.LoginToOrangeHRM_Screenshots" name="enterUserName" time="1.818"/>
  <system-out/>
  <testcase classname="TestNG.LoginToOrangeHRM_Screenshots" name="enterPassword" time="0.483"/>
  <system-out/>
  <testcase classname="TestNG.LoginToOrangeHRM_Screenshots" name="clickLogin" time="1.756"/>
  <system-out/>
</testsuite> <!-- TestNG.LoginToOrangeHRM_Screenshots -->
