<?xml version="1.0" encoding="UTF-8"?>
<!-- Generated by org.testng.reporters.JUnitReportReporter -->
<testsuite hostname="LAPTOP-3BL16AQ1" failures="0" tests="5" name="Tests.LoginAndLogoutTest" time="41.423" errors="0" timestamp="2023-07-04T18:21:13 IST" skipped="0">
  <testcase classname="Tests.LoginAndLogoutTest" name="enterUserName" time="7.240"/>
  <system-out/>
  <testcase classname="Tests.LoginAndLogoutTest" name="enterPassword" time="0.584"/>
  <system-out/>
  <testcase classname="Tests.LoginAndLogoutTest" name="clickLogin" time="5.985"/>
  <system-out/>
  <testcase classname="Tests.LoginAndLogoutTest" name="clickLoginLink" time="7.980"/>
  <system-out/>
  <testcase classname="Tests.LoginAndLogoutTest" name="clickSignoutLink" time="19.634"/>
  <system-out/>
</testsuite> <!-- Tests.LoginAndLogoutTest -->
