<?xml version="1.0" encoding="UTF-8"?>
<!-- Generated by org.testng.reporters.JUnitReportReporter -->
<testsuite hostname="LAPTOP-3BL16AQ1" failures="0" tests="3" name="Tests.ForgotYourPasswordTest" time="24.917" errors="0" timestamp="2023-07-03T18:42:54 IST" skipped="0">
  <testcase classname="Tests.ForgotYourPasswordTest" name="clickForgotYourpasswordLink" time="10.872"/>
  <system-out/>
  <testcase classname="Tests.ForgotYourPasswordTest" name="enterUsername" time="9.908"/>
  <system-out/>
  <testcase classname="Tests.ForgotYourPasswordTest" name="clickCancel" time="4.137"/>
  <system-out/>
</testsuite> <!-- Tests.ForgotYourPasswordTest -->
