<?xml version="1.0" encoding="UTF-8"?>
<!-- Generated by org.testng.reporters.JUnitReportReporter -->
<testsuite hostname="LAPTOP-3BL16AQ1" failures="0" tests="3" name="TestNgAttributes.Description" time="1.906" errors="0" timestamp="2023-06-23T18:39:27 IST" skipped="0">
  <testcase classname="TestNgAttributes.Description" name="enterUserName" time="1.416"/>
  <system-out/>
  <testcase classname="TestNgAttributes.Description" name="enterPassword" time="0.327"/>
  <system-out/>
  <testcase classname="TestNgAttributes.Description" name="clickLogin" time="0.163"/>
  <system-out/>
</testsuite> <!-- TestNgAttributes.Description -->
