<?xml version="1.0" encoding="UTF-8"?>
<!-- Generated by org.testng.reporters.JUnitReportReporter -->
<testsuite hostname="LAPTOP-3BL16AQ1" failures="0" tests="3" name="TestNG.LoginToOrangeHRM" time="53.390" errors="0" timestamp="2023-06-22T18:25:25 IST" skipped="0">
  <testcase classname="TestNG.LoginToOrangeHRM" name="enterUserName" time="6.342"/>
  <system-out/>
  <testcase classname="TestNG.LoginToOrangeHRM" name="enterPassword" time="26.801"/>
  <system-out/>
  <testcase classname="TestNG.LoginToOrangeHRM" name="clickLogin" time="20.247"/>
  <system-out/>
</testsuite> <!-- TestNG.LoginToOrangeHRM -->
