<?xml version="1.0" encoding="UTF-8"?>
<!-- Generated by org.testng.reporters.JUnitReportReporter -->
<testsuite hostname="LAPTOP-3BL16AQ1" failures="0" tests="3" name="TestNgAttributes.Priority" time="2.189" errors="0" timestamp="2023-06-23T18:34:51 IST" skipped="0">
  <testcase classname="TestNgAttributes.Priority" name="enterUserName" time="1.650"/>
  <system-out/>
  <testcase classname="TestNgAttributes.Priority" name="enterPassword" time="0.334"/>
  <system-out/>
  <testcase classname="TestNgAttributes.Priority" name="clickLogin" time="0.205"/>
  <system-out/>
</testsuite> <!-- TestNgAttributes.Priority -->
