<?xml version="1.0" encoding="UTF-8"?>
<!-- Generated by org.testng.reporters.JUnitReportReporter -->
<testsuite hostname="LAPTOP-3BL16AQ1" failures="0" tests="3" name="TestNgAttributes.DataProviders_Annotation" time="25.688" errors="0" timestamp="2023-06-23T18:30:53 IST" skipped="0">
  <testcase classname="TestNgAttributes.DataProviders_Annotation" name="enterCredntails" time="5.313"/>
  <system-out/>
  <testcase classname="TestNgAttributes.DataProviders_Annotation" name="enterCredntails" time="6.956"/>
  <system-out/>
  <testcase classname="TestNgAttributes.DataProviders_Annotation" name="enterCredntails" time="13.419"/>
  <system-out/>
</testsuite> <!-- TestNgAttributes.DataProviders_Annotation -->
