<?xml version="1.0" encoding="UTF-8"?>
<!-- Generated by org.testng.reporters.JUnitReportReporter -->
<testsuite hostname="LAPTOP-3BL16AQ1" failures="0" tests="3" name="Listeners.LoginTest" time="3.536" errors="0" timestamp="2023-07-06T07:53:32 IST" skipped="0">
  <testcase classname="Listeners.LoginTest" name="enterUserName" time="1.334"/>
  <system-out/>
  <testcase classname="Listeners.LoginTest" name="enterPassword" time="0.586"/>
  <system-out/>
  <testcase classname="Listeners.LoginTest" name="clickLogin" time="1.616"/>
  <system-out/>
</testsuite> <!-- Listeners.LoginTest -->
